# JRE version: OpenJDK Runtime Environment (8.0_112-b06) (build 1.8.0_112-release-b06)
# Java VM: OpenJDK 64-Bit Server VM (25.112-b06 mixed mode linux-amd64 compressed oops)
Heap:
 PSYoungGen      total 417280K, used 8933K [0x00000000e0000000, 0x0000000100000000, 0x0000000100000000)
  eden space 310272K, 0% used [0x00000000e0000000,0x00000000e0000000,0x00000000f2f00000)
  from space 107008K, 8% used [0x00000000f2f00000,0x00000000f37b9550,0x00000000f9780000)
  to   space 102912K, 0% used [0x00000000f9b80000,0x00000000f9b80000,0x0000000100000000)
 ParOldGen       total 447488K, used 447097K [0x00000000a0000000, 0x00000000bb500000, 0x00000000e0000000)
  object space 447488K, 99% used [0x00000000a0000000,0x00000000bb49e6c0,0x00000000bb500000)
 Metaspace       used 69431K, capacity 71580K, committed 71832K, reserved 1112064K
  class space    used 8832K, capacity 9305K, committed 9392K, reserved 1048576K
GC Heap History (10 events):
Event: 149.104 GC heap after
Heap after GC invocations=30 (full 6):
 PSYoungGen      total 434176K, used 51210K [0x00000000e0000000, 0x0000000100000000, 0x0000000100000000)
  eden space 349696K, 0% used [0x00000000e0000000,0x00000000e0000000,0x00000000f5580000)
  from space 84480K, 60% used [0x00000000fa900000,0x00000000fdb02a18,0x00000000ffb80000)
  to   space 85504K, 0% used [0x00000000f5580000,0x00000000f5580000,0x00000000fa900000)
 ParOldGen       total 306688K, used 259861K [0x00000000a0000000, 0x00000000b2b80000, 0x00000000e0000000)
  object space 306688K, 84% used [0x00000000a0000000,0x00000000afdc5518,0x00000000b2b80000)
 Metaspace       used 69424K, capacity 71580K, committed 71832K, reserved 1112064K
  class space    used 8831K, capacity 9305K, committed 9392K, reserved 1048576K
}
Event: 149.104 GC heap before
{Heap before GC invocations=31 (full 7):
 PSYoungGen      total 434176K, used 51210K [0x00000000e0000000, 0x0000000100000000, 0x0000000100000000)
  eden space 349696K, 0% used [0x00000000e0000000,0x00000000e0000000,0x00000000f5580000)
  from space 84480K, 60% used [0x00000000fa900000,0x00000000fdb02a18,0x00000000ffb80000)
  to   space 85504K, 0% used [0x00000000f5580000,0x00000000f5580000,0x00000000fa900000)
 ParOldGen       total 306688K, used 259861K [0x00000000a0000000, 0x00000000b2b80000, 0x00000000e0000000)
  object space 306688K, 84% used [0x00000000a0000000,0x00000000afdc5518,0x00000000b2b80000)
 Metaspace       used 69424K, capacity 71580K, committed 71832K, reserved 1112064K
  class space    used 8831K, capacity 9305K, committed 9392K, reserved 1048576K
Event: 151.801 GC heap after
Heap after GC invocations=31 (full 7):
 PSYoungGen      total 434176K, used 0K [0x00000000e0000000, 0x0000000100000000, 0x0000000100000000)
  eden space 349696K, 0% used [0x00000000e0000000,0x00000000e0000000,0x00000000f5580000)
  from space 84480K, 0% used [0x00000000fa900000,0x00000000fa900000,0x00000000ffb80000)
  to   space 85504K, 0% used [0x00000000f5580000,0x00000000f5580000,0x00000000fa900000)
 ParOldGen       total 447488K, used 305857K [0x00000000a0000000, 0x00000000bb500000, 0x00000000e0000000)
  object space 447488K, 68% used [0x00000000a0000000,0x00000000b2ab0438,0x00000000bb500000)
 Metaspace       used 69424K, capacity 71580K, committed 71832K, reserved 1112064K
  class space    used 8831K, capacity 9305K, committed 9392K, reserved 1048576K
}
Event: 154.025 GC heap before
{Heap before GC invocations=32 (full 7):
 PSYoungGen      total 434176K, used 349696K [0x00000000e0000000, 0x0000000100000000, 0x0000000100000000)
  eden space 349696K, 100% used [0x00000000e0000000,0x00000000f5580000,0x00000000f5580000)
  from space 84480K, 0% used [0x00000000fa900000,0x00000000fa900000,0x00000000ffb80000)
  to   space 85504K, 0% used [0x00000000f5580000,0x00000000f5580000,0x00000000fa900000)
 ParOldGen       total 447488K, used 305857K [0x00000000a0000000, 0x00000000bb500000, 0x00000000e0000000)
  object space 447488K, 68% used [0x00000000a0000000,0x00000000b2ab0438,0x00000000bb500000)
 Metaspace       used 69426K, capacity 71580K, committed 71832K, reserved 1112064K
  class space    used 8831K, capacity 9305K, committed 9392K, reserved 1048576K
Event: 154.157 GC heap after
Heap after GC invocations=32 (full 7):
 PSYoungGen      total 435200K, used 54137K [0x00000000e0000000, 0x0000000100000000, 0x0000000100000000)
  eden space 349696K, 0% used [0x00000000e0000000,0x00000000e0000000,0x00000000f5580000)
  from space 85504K, 63% used [0x00000000f5580000,0x00000000f8a5e608,0x00000000fa900000)
  to   space 87040K, 0% used [0x00000000fab00000,0x00000000fab00000,0x0000000100000000)
 ParOldGen       total 447488K, used 305857K [0x00000000a0000000, 0x00000000bb500000, 0x00000000e0000000)
  object space 447488K, 68% used [0x00000000a0000000,0x00000000b2ab0438,0x00000000bb500000)
 Metaspace       used 69426K, capacity 71580K, committed 71832K, reserved 1112064K
  class space    used 8831K, capacity 9305K, committed 9392K, reserved 1048576K
}
Event: 156.202 GC heap before
{Heap before GC invocations=33 (full 7):
 PSYoungGen      total 435200K, used 403833K [0x00000000e0000000, 0x0000000100000000, 0x0000000100000000)
  eden space 349696K, 100% used [0x00000000e0000000,0x00000000f5580000,0x00000000f5580000)
  from space 85504K, 63% used [0x00000000f5580000,0x00000000f8a5e608,0x00000000fa900000)
  to   space 87040K, 0% used [0x00000000fab00000,0x00000000fab00000,0x0000000100000000)
 ParOldGen       total 447488K, used 305857K [0x00000000a0000000, 0x00000000bb500000, 0x00000000e0000000)
  object space 447488K, 68% used [0x00000000a0000000,0x00000000b2ab0438,0x00000000bb500000)
 Metaspace       used 69431K, capacity 71580K, committed 71832K, reserved 1112064K
  class space    used 8832K, capacity 9305K, committed 9392K, reserved 1048576K
Event: 156.431 GC heap after
Heap after GC invocations=33 (full 7):
 PSYoungGen      total 397312K, used 87023K [0x00000000e0000000, 0x0000000100000000, 0x0000000100000000)
  eden space 310272K, 0% used [0x00000000e0000000,0x00000000e0000000,0x00000000f2f00000)
  from space 87040K, 99% used [0x00000000fab00000,0x00000000ffffbf08,0x0000000100000000)
  to   space 107008K, 0% used [0x00000000f2f00000,0x00000000f2f00000,0x00000000f9780000)
 ParOldGen       total 447488K, used 324067K [0x00000000a0000000, 0x00000000bb500000, 0x00000000e0000000)
  object space 447488K, 72% used [0x00000000a0000000,0x00000000b3c78ee8,0x00000000bb500000)
 Metaspace       used 69431K, capacity 71580K, committed 71832K, reserved 1112064K
  class space    used 8832K, capacity 9305K, committed 9392K, reserved 1048576K
}
Event: 159.673 GC heap before
{Heap before GC invocations=34 (full 7):
 PSYoungGen      total 397312K, used 397295K [0x00000000e0000000, 0x0000000100000000, 0x0000000100000000)
  eden space 310272K, 100% used [0x00000000e0000000,0x00000000f2f00000,0x00000000f2f00000)
  from space 87040K, 99% used [0x00000000fab00000,0x00000000ffffbf08,0x0000000100000000)
  to   space 107008K, 0% used [0x00000000f2f00000,0x00000000f2f00000,0x00000000f9780000)
 ParOldGen       total 447488K, used 324067K [0x00000000a0000000, 0x00000000bb500000, 0x00000000e0000000)
  object space 447488K, 72% used [0x00000000a0000000,0x00000000b3c78ee8,0x00000000bb500000)
 Metaspace       used 69431K, capacity 71580K, committed 71832K, reserved 1112064K
  class space    used 8832K, capacity 9305K, committed 9392K, reserved 1048576K
Event: 171.090 GC heap after
Heap after GC invocations=34 (full 7):
 PSYoungGen      total 417280K, used 51117K [0x00000000e0000000, 0x0000000100000000, 0x0000000100000000)
  eden space 310272K, 0% used [0x00000000e0000000,0x00000000e0000000,0x00000000f2f00000)
  from space 107008K, 47% used [0x00000000f2f00000,0x00000000f60eb660,0x00000000f9780000)
  to   space 102912K, 0% used [0x00000000f9b80000,0x00000000f9b80000,0x0000000100000000)
 ParOldGen       total 447488K, used 411480K [0x00000000a0000000, 0x00000000bb500000, 0x00000000e0000000)
  object space 447488K, 91% used [0x00000000a0000000,0x00000000b91d62b8,0x00000000bb500000)
 Metaspace       used 69431K, capacity 71580K, committed 71832K, reserved 1112064K
  class space    used 8832K, capacity 9305K, committed 9392K, reserved 1048576K
}
Event: 171.091 GC heap before
{Heap before GC invocations=35 (full 8):
 PSYoungGen      total 417280K, used 51117K [0x00000000e0000000, 0x0000000100000000, 0x0000000100000000)
  eden space 310272K, 0% used [0x00000000e0000000,0x00000000e0000000,0x00000000f2f00000)
  from space 107008K, 47% used [0x00000000f2f00000,0x00000000f60eb660,0x00000000f9780000)
  to   space 102912K, 0% used [0x00000000f9b80000,0x00000000f9b80000,0x0000000100000000)
 ParOldGen       total 447488K, used 411480K [0x00000000a0000000, 0x00000000bb500000, 0x00000000e0000000)
  object space 447488K, 91% used [0x00000000a0000000,0x00000000b91d62b8,0x00000000bb500000)
 Metaspace       used 69431K, capacity 71580K, committed 71832K, reserved 1112064K
  class space    used 8832K, capacity 9305K, committed 9392K, reserved 1048576K

