# JRE version: OpenJDK Runtime Environment (8.0_152-b01) (build 1.8.0_152-release-915-b01)
# Java VM: OpenJDK 64-Bit Server VM (25.152-b01 mixed mode linux-amd64 compressed oops)
Heap:
 PSYoungGen      total 423424K, used 0K [0x00000000e0000000, 0x0000000100000000, 0x0000000100000000)
  eden space 371712K, 0% used [0x00000000e0000000,0x00000000e0000000,0x00000000f6b00000)
  from space 51712K, 0% used [0x00000000fcd80000,0x00000000fcd80000,0x0000000100000000)
  to   space 76288K, 0% used [0x00000000f6b00000,0x00000000f6b00000,0x00000000fb580000)
 ParOldGen       total 220672K, used 203045K [0x00000000a0000000, 0x00000000ad780000, 0x00000000e0000000)
  object space 220672K, 92% used [0x00000000a0000000,0x00000000ac6496c8,0x00000000ad780000)
 Metaspace       used 72914K, capacity 75550K, committed 75736K, reserved 1116160K
  class space    used 9327K, capacity 9919K, committed 9984K, reserved 1048576K
GC Heap History (10 events):
Event: 132.480 GC heap after
Heap after GC invocations=14 (full 3):
 PSYoungGen      total 339968K, used 25573K [0x00000000e0000000, 0x00000000f9a00000, 0x0000000100000000)
  eden space 314368K, 0% used [0x00000000e0000000,0x00000000e0000000,0x00000000f3300000)
  from space 25600K, 99% used [0x00000000f3300000,0x00000000f4bf94f0,0x00000000f4c00000)
  to   space 33280K, 0% used [0x00000000f7980000,0x00000000f7980000,0x00000000f9a00000)
 ParOldGen       total 107520K, used 48934K [0x00000000a0000000, 0x00000000a6900000, 0x00000000e0000000)
  object space 107520K, 45% used [0x00000000a0000000,0x00000000a2fc9ae0,0x00000000a6900000)
 Metaspace       used 65891K, capacity 68108K, committed 68440K, reserved 1107968K
  class space    used 8683K, capacity 9232K, committed 9344K, reserved 1048576K
}
Event: 146.221 GC heap before
{Heap before GC invocations=15 (full 3):
 PSYoungGen      total 339968K, used 339941K [0x00000000e0000000, 0x00000000f9a00000, 0x0000000100000000)
  eden space 314368K, 100% used [0x00000000e0000000,0x00000000f3300000,0x00000000f3300000)
  from space 25600K, 99% used [0x00000000f3300000,0x00000000f4bf94f0,0x00000000f4c00000)
  to   space 33280K, 0% used [0x00000000f7980000,0x00000000f7980000,0x00000000f9a00000)
 ParOldGen       total 107520K, used 48934K [0x00000000a0000000, 0x00000000a6900000, 0x00000000e0000000)
  object space 107520K, 45% used [0x00000000a0000000,0x00000000a2fc9ae0,0x00000000a6900000)
 Metaspace       used 68483K, capacity 70966K, committed 71128K, reserved 1112064K
  class space    used 8866K, capacity 9409K, committed 9472K, reserved 1048576K
Event: 146.360 GC heap after
Heap after GC invocations=15 (full 3):
 PSYoungGen      total 374272K, used 33270K [0x00000000e0000000, 0x00000000fd180000, 0x0000000100000000)
  eden space 340992K, 0% used [0x00000000e0000000,0x00000000e0000000,0x00000000f4d00000)
  from space 33280K, 99% used [0x00000000f7980000,0x00000000f99fd8a0,0x00000000f9a00000)
  to   space 45568K, 0% used [0x00000000f4d00000,0x00000000f4d00000,0x00000000f7980000)
 ParOldGen       total 107520K, used 68389K [0x00000000a0000000, 0x00000000a6900000, 0x00000000e0000000)
  object space 107520K, 63% used [0x00000000a0000000,0x00000000a42c9678,0x00000000a6900000)
 Metaspace       used 68483K, capacity 70966K, committed 71128K, reserved 1112064K
  class space    used 8866K, capacity 9409K, committed 9472K, reserved 1048576K
}
Event: 154.934 GC heap before
{Heap before GC invocations=16 (full 3):
 PSYoungGen      total 374272K, used 363911K [0x00000000e0000000, 0x00000000fd180000, 0x0000000100000000)
  eden space 340992K, 96% used [0x00000000e0000000,0x00000000f42e43e8,0x00000000f4d00000)
  from space 33280K, 99% used [0x00000000f7980000,0x00000000f99fd8a0,0x00000000f9a00000)
  to   space 45568K, 0% used [0x00000000f4d00000,0x00000000f4d00000,0x00000000f7980000)
 ParOldGen       total 107520K, used 79187K [0x00000000a0000000, 0x00000000a6900000, 0x00000000e0000000)
  object space 107520K, 73% used [0x00000000a0000000,0x00000000a4d54cb8,0x00000000a6900000)
 Metaspace       used 72841K, capacity 75508K, committed 75736K, reserved 1116160K
  class space    used 9332K, capacity 9940K, committed 9984K, reserved 1048576K
Event: 155.033 GC heap after
Heap after GC invocations=16 (full 3):
 PSYoungGen      total 386560K, used 41867K [0x00000000e0000000, 0x0000000100000000, 0x0000000100000000)
  eden space 340992K, 0% used [0x00000000e0000000,0x00000000e0000000,0x00000000f4d00000)
  from space 45568K, 91% used [0x00000000f4d00000,0x00000000f75e2e00,0x00000000f7980000)
  to   space 51712K, 0% used [0x00000000fcd80000,0x00000000fcd80000,0x0000000100000000)
 ParOldGen       total 112640K, used 112519K [0x00000000a0000000, 0x00000000a6e00000, 0x00000000e0000000)
  object space 112640K, 99% used [0x00000000a0000000,0x00000000a6de1fa8,0x00000000a6e00000)
 Metaspace       used 72841K, capacity 75508K, committed 75736K, reserved 1116160K
  class space    used 9332K, capacity 9940K, committed 9984K, reserved 1048576K
}
Event: 155.033 GC heap before
{Heap before GC invocations=17 (full 4):
 PSYoungGen      total 386560K, used 41867K [0x00000000e0000000, 0x0000000100000000, 0x0000000100000000)
  eden space 340992K, 0% used [0x00000000e0000000,0x00000000e0000000,0x00000000f4d00000)
  from space 45568K, 91% used [0x00000000f4d00000,0x00000000f75e2e00,0x00000000f7980000)
  to   space 51712K, 0% used [0x00000000fcd80000,0x00000000fcd80000,0x0000000100000000)
 ParOldGen       total 112640K, used 112519K [0x00000000a0000000, 0x00000000a6e00000, 0x00000000e0000000)
  object space 112640K, 99% used [0x00000000a0000000,0x00000000a6de1fa8,0x00000000a6e00000)
 Metaspace       used 72841K, capacity 75508K, committed 75736K, reserved 1116160K
  class space    used 9332K, capacity 9940K, committed 9984K, reserved 1048576K
Event: 155.738 GC heap after
Heap after GC invocations=17 (full 4):
 PSYoungGen      total 386560K, used 9953K [0x00000000e0000000, 0x0000000100000000, 0x0000000100000000)
  eden space 340992K, 0% used [0x00000000e0000000,0x00000000e0000000,0x00000000f4d00000)
  from space 45568K, 21% used [0x00000000f4d00000,0x00000000f56b8490,0x00000000f7980000)
  to   space 51712K, 0% used [0x00000000fcd80000,0x00000000fcd80000,0x0000000100000000)
 ParOldGen       total 220672K, used 111506K [0x00000000a0000000, 0x00000000ad780000, 0x00000000e0000000)
  object space 220672K, 50% used [0x00000000a0000000,0x00000000a6ce4b80,0x00000000ad780000)
 Metaspace       used 72802K, capacity 75396K, committed 75736K, reserved 1116160K
  class space    used 9318K, capacity 9916K, committed 9984K, reserved 1048576K
}
Event: 159.321 GC heap before
{Heap before GC invocations=18 (full 4):
 PSYoungGen      total 386560K, used 350945K [0x00000000e0000000, 0x0000000100000000, 0x0000000100000000)
  eden space 340992K, 100% used [0x00000000e0000000,0x00000000f4d00000,0x00000000f4d00000)
  from space 45568K, 21% used [0x00000000f4d00000,0x00000000f56b8490,0x00000000f7980000)
  to   space 51712K, 0% used [0x00000000fcd80000,0x00000000fcd80000,0x0000000100000000)
 ParOldGen       total 220672K, used 147683K [0x00000000a0000000, 0x00000000ad780000, 0x00000000e0000000)
  object space 220672K, 66% used [0x00000000a0000000,0x00000000a9038f88,0x00000000ad780000)
 Metaspace       used 72914K, capacity 75550K, committed 75736K, reserved 1116160K
  class space    used 9327K, capacity 9919K, committed 9984K, reserved 1048576K
Event: 161.615 GC heap after
Heap after GC invocations=18 (full 4):
 PSYoungGen      total 423424K, used 51697K [0x00000000e0000000, 0x0000000100000000, 0x0000000100000000)
  eden space 371712K, 0% used [0x00000000e0000000,0x00000000e0000000,0x00000000f6b00000)
  from space 51712K, 99% used [0x00000000fcd80000,0x00000000ffffc5e0,0x0000000100000000)
  to   space 76288K, 0% used [0x00000000f6b00000,0x00000000f6b00000,0x00000000fb580000)
 ParOldGen       total 220672K, used 191624K [0x00000000a0000000, 0x00000000ad780000, 0x00000000e0000000)
  object space 220672K, 86% used [0x00000000a0000000,0x00000000abb22148,0x00000000ad780000)
 Metaspace       used 72914K, capacity 75550K, committed 75736K, reserved 1116160K
  class space    used 9327K, capacity 9919K, committed 9984K, reserved 1048576K
}
Event: 161.615 GC heap before
{Heap before GC invocations=19 (full 5):
 PSYoungGen      total 423424K, used 51697K [0x00000000e0000000, 0x0000000100000000, 0x0000000100000000)
  eden space 371712K, 0% used [0x00000000e0000000,0x00000000e0000000,0x00000000f6b00000)
  from space 51712K, 99% used [0x00000000fcd80000,0x00000000ffffc5e0,0x0000000100000000)
  to   space 76288K, 0% used [0x00000000f6b00000,0x00000000f6b00000,0x00000000fb580000)
 ParOldGen       total 220672K, used 191624K [0x00000000a0000000, 0x00000000ad780000, 0x00000000e0000000)
  object space 220672K, 86% used [0x00000000a0000000,0x00000000abb22148,0x00000000ad780000)
 Metaspace       used 72914K, capacity 75550K, committed 75736K, reserved 1116160K
  class space    used 9327K, capacity 9919K, committed 9984K, reserved 1048576K

